2023.10.17 15:01:58 INFO  Started: Metals version 0.11.12+61-88c5e82e-SNAPSHOT in folders 'D:\3th year semester 1\AI\Lab\eight-puzzle-ai' for client Visual Studio Code 1.82.2.
Oct 17, 2023 3:01:58 PM org.flywaydb.core.internal.license.VersionPrinter printVersionOnly
INFO: Flyway Community Edition 9.17.0 by Redgate
Oct 17, 2023 3:01:58 PM org.flywaydb.core.internal.license.VersionPrinter printVersion
INFO: See release notes here: https://rd.gt/416ObMi
Oct 17, 2023 3:01:58 PM org.flywaydb.core.internal.license.VersionPrinter printVersion
INFO: 
Oct 17, 2023 3:01:58 PM org.flywaydb.core.internal.database.base.BaseDatabaseType createDatabase
INFO: Database: jdbc:h2:file:D:\3th year semester 1\AI\Lab\eight-puzzle-ai\.metals\metals (H2 2.1)
Oct 17, 2023 3:01:59 PM org.flywaydb.core.internal.schemahistory.JdbcTableSchemaHistory allAppliedMigrations
INFO: Schema history table "PUBLIC"."flyway_schema_history" does not exist yet
Oct 17, 2023 3:01:59 PM org.flywaydb.core.internal.command.DbValidate validate
INFO: Successfully validated 4 migrations (execution time 00:00.021s)
Oct 17, 2023 3:01:59 PM org.flywaydb.core.internal.schemahistory.JdbcTableSchemaHistory create
INFO: Creating Schema History table "PUBLIC"."flyway_schema_history" ...
Oct 17, 2023 3:01:59 PM org.flywaydb.core.internal.command.DbMigrate migrateGroup
INFO: Current version of schema "PUBLIC": << Empty Schema >>
Oct 17, 2023 3:01:59 PM org.flywaydb.core.internal.command.DbMigrate doMigrateGroup
INFO: Migrating schema "PUBLIC" to version "1 - Create tables"
Oct 17, 2023 3:01:59 PM org.flywaydb.core.internal.command.DbMigrate doMigrateGroup
INFO: Migrating schema "PUBLIC" to version "2 - Server discovery"
Oct 17, 2023 3:01:59 PM org.flywaydb.core.internal.command.DbMigrate doMigrateGroup
INFO: Migrating schema "PUBLIC" to version "3 - Jar symbols"
Oct 17, 2023 3:01:59 PM org.flywaydb.core.internal.command.DbMigrate doMigrateGroup
INFO: Migrating schema "PUBLIC" to version "4 - Fingerprints"
Oct 17, 2023 3:01:59 PM org.flywaydb.core.internal.command.DbMigrate logSummary
INFO: Successfully applied 4 migrations to schema "PUBLIC", now at version v4 (execution time 00:00.060s)
2023.10.17 15:01:59 INFO  time: initialize in 0.9s
2023.10.17 15:01:59 WARN  Build server is not auto-connectable.
2023.10.17 15:01:59 WARN  no build tool detected in workspace 'D:\3th year semester 1\AI\Lab\eight-puzzle-ai'. The most common cause for this problem is that the editor was opened in the wrong working directory, for example if you use sbt then the workspace directory should contain build.sbt. 
Oct 17, 2023 3:19:30 PM org.eclipse.lsp4j.jsonrpc.services.GenericEndpoint notify
INFO: Unsupported notification method: $/setTrace
2023.10.17 16:35:48 INFO  Shutting down server
2023.10.17 16:35:48 INFO  shutting down Metals
2023.10.17 16:35:48 INFO  Exiting server
